[01m[K/home/emslab/BagFromImages-master_catkin/catkim_ws/src/BagFromImages-master/main.cc:[m[K In function â€˜[01m[Kvoid descriptorToROS(const cv::Mat&, BagFromImages::Descriptor&, bool)[m[Kâ€™:
[01m[K/home/emslab/BagFromImages-master_catkin/catkim_ws/src/BagFromImages-master/main.cc:121:28:[m[K [01;31m[Kerror: [m[Kâ€˜[01m[Kdatadesc[m[Kâ€™ was not declared in this scope
  121 |    dataMsg.descdata.resize([01;31m[Kdatadesc[m[K.step[0] * data.rows); // use step for non-contiguous matrices
      |                            [01;31m[K^~~~~~~~[m[K
make[2]: *** [CMakeFiles/main.dir/build.make:66: CMakeFiles/main.dir/main.cc.o] Error 1
make[1]: *** [CMakeFiles/Makefile2:1775: CMakeFiles/main.dir/all] Error 2
make: *** [Makefile:144: all] Error 2
