[01m[K/home/emslab/BagFromImages-master_catkin/catkim_ws/src/BagFromImages-master/main.cc:[m[K In function â€˜[01m[Kstd::vector<unsigned char> compressData(const cv::Mat&)[m[Kâ€™:
[01m[K/home/emslab/BagFromImages-master_catkin/catkim_ws/src/BagFromImages-master/main.cc:83:4:[m[K [01;31m[Kerror: [m[Kâ€˜[01m[KUERROR[m[Kâ€™ was not declared in this scope; did you mean â€˜[01m[KCV_ERROR[m[Kâ€™?
   83 |    [01;31m[KUERROR[m[K("Z_MEM_ERROR : Insufficient memory.");
      |    [01;31m[K^~~~~~[m[K
      |    [32m[KCV_ERROR[m[K
[01m[K/home/emslab/BagFromImages-master_catkin/catkim_ws/src/BagFromImages-master/main.cc:87:4:[m[K [01;31m[Kerror: [m[Kâ€˜[01m[KUERROR[m[Kâ€™ was not declared in this scope; did you mean â€˜[01m[KCV_ERROR[m[Kâ€™?
   87 |    [01;31m[KUERROR[m[K("Z_BUF_ERROR : The buffer dest was not large enough to hold the uncompressed data.");
      |    [01;31m[K^~~~~~[m[K
      |    [32m[KCV_ERROR[m[K
[01m[K/home/emslab/BagFromImages-master_catkin/catkim_ws/src/BagFromImages-master/main.cc:[m[K In function â€˜[01m[Kvoid descriptorToROS(const cv::Mat&, BagFromImages::Descriptor&, bool)[m[Kâ€™:
[01m[K/home/emslab/BagFromImages-master_catkin/catkim_ws/src/BagFromImages-master/main.cc:99:34:[m[K [01;31m[Kerror: [m[Kâ€˜[01m[KcompressData[m[Kâ€™ is not a member of â€˜[01m[KBagFromImages[m[Kâ€™; did you mean â€˜[01m[KcompressData[m[Kâ€™?
   99 |    dataMsg.data = BagFromImages::[01;31m[KcompressData[m[K(data);
      |                                  [01;31m[K^~~~~~~~~~~~[m[K
[01m[K/home/emslab/BagFromImages-master_catkin/catkim_ws/src/BagFromImages-master/main.cc:62:28:[m[K [01;36m[Knote: [m[Kâ€˜[01m[KcompressData[m[Kâ€™ declared here
   62 | std::vector<unsigned char> [01;36m[KcompressData[m[K(const cv::Mat & data)
      |                            [01;36m[K^~~~~~~~~~~~[m[K
make[2]: *** [CMakeFiles/main.dir/build.make:66: CMakeFiles/main.dir/main.cc.o] Error 1
make[1]: *** [CMakeFiles/Makefile2:1742: CMakeFiles/main.dir/all] Error 2
make: *** [Makefile:144: all] Error 2
